2022-12-14 20:52:56,889 INFO  [Log] ** 
2022-12-14 20:52:56,890 INFO  [Log] ** 
2022-12-14 20:52:56,895 INFO  [Log] ############   My first test case is Login test ################ 
2022-12-14 20:52:56,895 INFO  [Log] ** 
2022-12-14 20:52:56,896 INFO  [Log] ** 
2022-12-14 20:52:56,896 INFO  [Log] My login test is going on 
2022-12-14 20:52:56,896 INFO  [Log] My test case might be failed 
2022-12-14 20:53:00,659 INFO  [Log] My test case is about to complete 
2022-12-14 20:53:00,659 INFO  [Log] ################################## 
2022-12-14 20:53:00,659 INFO  [Log] ########################################## 
2022-12-14 20:53:00,659 INFO  [Log] ############   This is my login test again ################ 
2022-12-14 20:53:00,659 INFO  [Log] ########################## 
2022-12-14 20:53:00,659 INFO  [Log] ########################################## 
2022-12-14 20:59:59,233 INFO  [Log] ** 
2022-12-14 20:59:59,234 INFO  [Log] ** 
2022-12-14 20:59:59,237 INFO  [Log] ############   My first test case is Login test ################ 
2022-12-14 20:59:59,237 INFO  [Log] ** 
2022-12-14 20:59:59,237 INFO  [Log] ** 
2022-12-14 20:59:59,237 INFO  [Log] My login test is going on 
2022-12-14 20:59:59,237 INFO  [Log] My test case might be failed 
2022-12-14 21:00:03,196 INFO  [Log] My test case is about to complete 
2022-12-14 21:00:03,196 INFO  [Log] ################################## 
2022-12-14 21:00:03,196 INFO  [Log] ########################################## 
2022-12-14 21:00:03,196 INFO  [Log] ############   This is my login test again ################ 
2022-12-14 21:00:03,197 INFO  [Log] ########################## 
2022-12-14 21:00:03,198 INFO  [Log] ########################################## 
